{
  "stats": {
    "suites": 2,
    "tests": 3,
    "passes": 2,
    "pending": 0,
    "failures": 1,
    "start": "2022-11-16T18:24:56.978Z",
    "end": "2022-11-16T18:25:02.941Z",
    "duration": 5963,
    "testsRegistered": 3,
    "passPercent": 66.66666666666666,
    "pendingPercent": 0,
    "other": 0,
    "hasOther": false,
    "skipped": 0,
    "hasSkipped": false
  },
  "results": [
    {
      "uuid": "76dbfa3f-8a7b-4904-a6a4-ba7cd677595b",
      "title": "",
      "fullFile": "",
      "file": "",
      "beforeHooks": [],
      "afterHooks": [],
      "tests": [],
      "suites": [
        {
          "uuid": "d1a4c5d5-a8c2-4342-a088-753d4204cbdb",
          "title": "add todo tests",
          "fullFile": "/Users/felippepaiva/Documents/selenium/test/secondTest.js",
          "file": "/test/secondTest.js",
          "beforeHooks": [],
          "afterHooks": [],
          "tests": [
            {
              "title": "add a todo to the application",
              "fullTitle": "add todo tests add a todo to the application",
              "timedOut": null,
              "duration": 3566,
              "state": "passed",
              "speed": "slow",
              "pass": true,
              "fail": false,
              "pending": false,
              "context": null,
              "code": "// launch the browser\nlet driver = await new Builder().forBrowser(\"chrome\").build();\n// navigate to app\nawait driver.get(\"https://lambdatest.github.io/sample-todo-app/\");\n// add todo to the list\nawait driver\n  .findElement(By.id(\"sampletodotext\"))\n  .sendKeys(\"Learn Selenium\", Key.RETURN);\n// assert\n// xpath -> finding the list of \"li\", and retrieve the last one as \"Learn Selenium\" was added last.\nlet todoText = await driver\n  .findElement(By.xpath(\"//li[last()]\"))\n  .getText()\n  .then(function (value) {\n    return value;\n  });\n// assert using chai should\ntodoText.should.equal(\"Learn Selenium\");\n// close the borwser\nawait driver.quit();",
              "err": {},
              "uuid": "c8fb494b-087f-410b-908d-8cb98d271a10",
              "parentUUID": null,
              "isHook": false,
              "skipped": false
            }
          ],
          "suites": [],
          "passes": [
            "c8fb494b-087f-410b-908d-8cb98d271a10"
          ],
          "failures": [],
          "pending": [],
          "skipped": [],
          "duration": 3566,
          "root": false,
          "rootEmpty": false,
          "_timeout": null
        },
        {
          "uuid": "8c7ede64-6387-4a5f-aead-638e4d21c0b9",
          "title": "add another todo tests",
          "fullFile": "/Users/felippepaiva/Documents/selenium/test/thirdTest.js",
          "file": "/test/thirdTest.js",
          "beforeHooks": [],
          "afterHooks": [],
          "tests": [
            {
              "title": "add another todo to the application",
              "fullTitle": "add another todo tests add another todo to the application",
              "timedOut": null,
              "duration": 3697,
              "state": "passed",
              "speed": "slow",
              "pass": true,
              "fail": false,
              "pending": false,
              "context": null,
              "code": "// launch the browser\nlet driver = await new Builder().forBrowser(\"chrome\").build();\n// navigate to app\nawait driver.get(\"https://lambdatest.github.io/sample-todo-app/\");\n// add todo to the list\nawait driver\n  .findElement(By.id(\"sampletodotext\"))\n  .sendKeys(\"Learn Selenium\", Key.RETURN);\n// assert\n// xpath -> finding the list of \"li\", and retrieve the last one as \"Learn Selenium\" was added last.\nlet todoText = await driver\n  .findElement(By.xpath(\"//li[last()]\"))\n  .getText()\n  .then(function (value) {\n    return value;\n  });\n// assert using chai should\ntodoText.should.equal(\"Learn Selenium\");\n// close the borwser\nawait driver.quit();",
              "err": {},
              "uuid": "b04914ee-6548-4e6f-9275-2e00aa9de09f",
              "parentUUID": null,
              "isHook": false,
              "skipped": false
            },
            {
              "title": "add another todo to the application",
              "fullTitle": "add another todo tests add another todo to the application",
              "timedOut": null,
              "duration": 2000,
              "state": "failed",
              "speed": null,
              "pass": false,
              "fail": true,
              "pending": false,
              "context": null,
              "code": "// launch the browser\nlet driver = await new Builder().forBrowser(\"chrome\").build();\n// navigate to app\nawait driver.get(\"https://lambdatest.github.io/sample-todo-app/\");\n// add todo to the list\nawait driver\n  .findElement(By.id(\"sampletodotext\"))\n  .sendKeys(\"Learn Selenium\", Key.RETURN);\n// assert\nlet todoText = await driver\n  .findElement(By.xpath(\"//li[last()]\"))\n  .getText()\n  .then(function (value) {\n    return value;\n  });\n// assert using chai should\ntodoText.should.equal(\"Post test report on LinkedIn.\");\n// close the borwser\nawait driver.quit();",
              "err": {
                "message": "AssertionError: expected 'Learn Selenium' to equal 'Post test report on LinkedIn.'",
                "estack": "AssertionError: expected 'Learn Selenium' to equal 'Post test report on LinkedIn.'\n    at Context.<anonymous> (test/thirdTest.js:55:21)\n    at process.processTicksAndRejections (node:internal/process/task_queues:95:5)",
                "diff": "- Learn Selenium\n+ Post test report on LinkedIn.\n"
              },
              "uuid": "4bcddc4f-75ee-4957-a11c-03dae5d062df",
              "parentUUID": null,
              "isHook": false,
              "skipped": false
            }
          ],
          "suites": [],
          "passes": [
            "b04914ee-6548-4e6f-9275-2e00aa9de09f"
          ],
          "failures": [
            "4bcddc4f-75ee-4957-a11c-03dae5d062df"
          ],
          "pending": [],
          "skipped": [],
          "duration": 5697,
          "root": false,
          "rootEmpty": false,
          "_timeout": null
        }
      ],
      "passes": [],
      "failures": [],
      "pending": [],
      "skipped": [],
      "duration": 0,
      "root": true,
      "rootEmpty": true,
      "_timeout": 0
    }
  ],
  "meta": {
    "mocha": {
      "version": "10.1.0"
    },
    "mochawesome": {
      "options": {
        "quiet": false,
        "reportFilename": "mochawesome",
        "saveHtml": true,
        "saveJson": true,
        "consoleReporter": "spec",
        "useInlineDiffs": false,
        "code": true
      },
      "version": "7.1.3"
    },
    "marge": {
      "options": null,
      "version": "6.2.0"
    }
  }
}