{
  "stats": {
    "suites": 2,
    "tests": 3,
    "passes": 2,
    "pending": 0,
    "failures": 1,
    "start": "2022-11-16T18:37:21.971Z",
    "end": "2022-11-16T18:37:27.635Z",
    "duration": 5664,
    "testsRegistered": 3,
    "passPercent": 66.66666666666666,
    "pendingPercent": 0,
    "other": 0,
    "hasOther": false,
    "skipped": 0,
    "hasSkipped": false
  },
  "results": [
    {
      "uuid": "d56c2181-b7b6-43bb-bc3a-f58f7a985689",
      "title": "",
      "fullFile": "",
      "file": "",
      "beforeHooks": [],
      "afterHooks": [],
      "tests": [],
      "suites": [
        {
          "uuid": "b26c28a3-ab4a-40ce-a5e4-692bd2f84dfa",
          "title": "add todo tests",
          "fullFile": "/Users/felippepaiva/Documents/selenium/test/secondTest.js",
          "file": "/test/secondTest.js",
          "beforeHooks": [],
          "afterHooks": [],
          "tests": [
            {
              "title": "add a todo to the application",
              "fullTitle": "add todo tests add a todo to the application",
              "timedOut": null,
              "duration": 4256,
              "state": "passed",
              "speed": "slow",
              "pass": true,
              "fail": false,
              "pending": false,
              "context": null,
              "code": "// launch the browser\nlet driver = await new Builder().forBrowser(\"chrome\").build();\n// navigate to app\nawait driver.get(\"https://lambdatest.github.io/sample-todo-app/\");\n// add todo to the list\nawait driver\n  .findElement(By.id(\"sampletodotext\"))\n  .sendKeys(\"Learn Selenium\", Key.RETURN);\n// assert\n// xpath -> finding the list of \"li\", and retrieve the last one as \"Learn Selenium\" was added last.\nlet todoText = await driver\n  .findElement(By.xpath(\"//li[last()]\"))\n  .getText()\n  .then(function (value) {\n    return value;\n  });\n// assert using chai should\ntodoText.should.equal(\"Learn Selenium\");\n// close the borwser\nawait driver.quit();",
              "err": {},
              "uuid": "2d79945b-a6bb-4a8d-b9c9-958ff72d72ea",
              "parentUUID": null,
              "isHook": false,
              "skipped": false
            }
          ],
          "suites": [],
          "passes": [
            "2d79945b-a6bb-4a8d-b9c9-958ff72d72ea"
          ],
          "failures": [],
          "pending": [],
          "skipped": [],
          "duration": 4256,
          "root": false,
          "rootEmpty": false,
          "_timeout": null
        },
        {
          "uuid": "43481dc2-13dc-42d8-981b-280603870680",
          "title": "add another todo tests",
          "fullFile": "/Users/felippepaiva/Documents/selenium/test/thirdTest.js",
          "file": "/test/thirdTest.js",
          "beforeHooks": [],
          "afterHooks": [],
          "tests": [
            {
              "title": "add another todo to the application",
              "fullTitle": "add another todo tests add another todo to the application",
              "timedOut": null,
              "duration": 3204,
              "state": "passed",
              "speed": "slow",
              "pass": true,
              "fail": false,
              "pending": false,
              "context": null,
              "code": "// launch the browser\nlet driver = await new Builder().forBrowser(\"chrome\").build();\n// navigate to app\nawait driver.get(\"https://lambdatest.github.io/sample-todo-app/\");\n// add todo to the list\nawait driver\n  .findElement(By.id(\"sampletodotext\"))\n  .sendKeys(\"Learn Selenium\", Key.RETURN);\n// assert\n// xpath -> finding the list of \"li\", and retrieve the last one as \"Learn Selenium\" was added last.\nlet todoText = await driver\n  .findElement(By.xpath(\"//li[last()]\"))\n  .getText()\n  .then(function (value) {\n    return value;\n  });\n// assert using chai should\ntodoText.should.equal(\"Learn Selenium\");\n// close the borwser\nawait driver.quit();",
              "err": {},
              "uuid": "157ee34f-c4f4-447d-b202-9dd5daaa525e",
              "parentUUID": null,
              "isHook": false,
              "skipped": false
            },
            {
              "title": "add another todo to the application",
              "fullTitle": "add another todo tests add another todo to the application",
              "timedOut": null,
              "duration": 2196,
              "state": "failed",
              "speed": null,
              "pass": false,
              "fail": true,
              "pending": false,
              "context": null,
              "code": "// launch the browser\nlet driver = await new Builder().forBrowser(\"chrome\").build();\n// navigate to app\nawait driver.get(\"https://lambdatest.github.io/sample-todo-app/\");\n// add todo to the list\nawait driver\n  .findElement(By.id(\"sampletodotext\"))\n  .sendKeys(\"Learn Selenium\", Key.RETURN);\n// assert\nlet todoText = await driver\n  .findElement(By.xpath(\"//li[last()]\"))\n  .getText()\n  .then(function (value) {\n    return value;\n  });\n// assert using chai should\ntodoText.should.equal(\"Post test report on LinkedIn.\");\n// close the borwser\nawait driver.quit();",
              "err": {
                "message": "AssertionError: expected 'Learn Selenium' to equal 'Post test report on LinkedIn.'",
                "estack": "AssertionError: expected 'Learn Selenium' to equal 'Post test report on LinkedIn.'\n    at Context.<anonymous> (test/thirdTest.js:55:21)\n    at process.processTicksAndRejections (node:internal/process/task_queues:95:5)",
                "diff": "- Learn Selenium\n+ Post test report on LinkedIn.\n"
              },
              "uuid": "01da3969-4580-4049-ab8c-b75b46dc6dc7",
              "parentUUID": null,
              "isHook": false,
              "skipped": false
            }
          ],
          "suites": [],
          "passes": [
            "157ee34f-c4f4-447d-b202-9dd5daaa525e"
          ],
          "failures": [
            "01da3969-4580-4049-ab8c-b75b46dc6dc7"
          ],
          "pending": [],
          "skipped": [],
          "duration": 5400,
          "root": false,
          "rootEmpty": false,
          "_timeout": null
        }
      ],
      "passes": [],
      "failures": [],
      "pending": [],
      "skipped": [],
      "duration": 0,
      "root": true,
      "rootEmpty": true,
      "_timeout": 0
    }
  ],
  "meta": {
    "mocha": {
      "version": "10.1.0"
    },
    "mochawesome": {
      "options": {
        "quiet": false,
        "reportFilename": "testResults",
        "saveHtml": true,
        "saveJson": true,
        "consoleReporter": "spec",
        "useInlineDiffs": false,
        "code": true
      },
      "version": "7.1.3"
    },
    "marge": {
      "options": {
        "reportDir": "/Users/felippepaiva/Documents/selenium/mochawesome-report",
        "reportFilename": "testResults"
      },
      "version": "6.2.0"
    }
  }
}